[14:44:36.71] /o 
              /c                                 Custom Compiler 
              /c 
              /c                Version R-2020.12-SP1 for linux64 - Apr 09, 2021 
              /c 
              /c                     Copyright (c) 2004 - 2021 Synopsys, Inc.
              /c    This software and the associated documentation are proprietary to Synopsys,
              /c  Inc. This software may only be used in accordance with the terms and conditions
              /c  of a written license agreement with Synopsys, Inc. All other use, reproduction,
              /c             or distribution of this software is strictly prohibited.
              /c 
              /c Build  (OPT) Config 6413788 compiled on Fri Apr  9 14:18:55 2021 for RHEL64 6.6
              /c Invocation: /mnt/vol_NFS_rh003/profesores/rmolina/tools/synopsys/customcompiler/R-2020.12-SP1/linux64/platform/bin/cdesigner
              /c Execution time: Thu Oct 28 14:44:27 2021
              /c Host: redhat003
              /c Working directory: /mnt/vol_NFS_rh003/profesores/rmolina/Synopsys_Scripts
              /c 
[14:44:47.92] /r giShowFrameTabs true
[14:44:47.92] /r giWindowId 1
[14:44:47.92] /r giWindowGeometry 1040x800
[14:44:48.39] /i db::setAttr geometry -of [gi::getFrames 1] -value 1040x824+159+55
[14:45:14.88] /i exit
[14:45:14.92] /r giDialog gi::setActiveDialog [gi::getDialogs {deExitDialog} -parent [gi::getWindows 1]]
[14:45:15.20] /r giDialog db::setAttr geometry -of [gi::getDialogs {deExitDialog} -parent [gi::getWindows 1]] -value 414x181+472+325
[14:45:20.52] /r giDialog gi::pressButton {ok} -in [gi::getDialogs {deExitDialog} -parent [gi::getWindows 1]]
[14:45:21.28] /o Shutdown time: Thu Oct 28 14:45:21 2021
[14:45:21.28] /o Elapsed session real time: 0.8 minutes
[14:45:21.28] /o Session terminated. Log is at /mnt/vol_NFS_rh003/profesores/rmolina/Synopsys_Scripts/synopsys_custom/logs/ccompiler.rmolina003.2021_10_28_144427_1538180.log
